{
  "RSpec": {
    "coverage": {
      "/Users/ogbaragodwin/Desktop/Rails/teencode-backend/config/environment.rb": [
        null,
        1,
        null,
        null,
        1
      ],
      "/Users/ogbaragodwin/Desktop/Rails/teencode-backend/config/application.rb": [
        1,
        null,
        1,
        null,
        1,
        1,
        1,
        1,
        1,
        1,
        1,
        null,
        null,
        null,
        null,
        null,
        1,
        null,
        1,
        1,
        null,
        null,
        null,
        null,
        null,
        null,
        null,
        1,
        null,
        null
      ],
      "/Users/ogbaragodwin/Desktop/Rails/teencode-backend/config/boot.rb": [
        1,
        null,
        1
      ],
      "/Users/ogbaragodwin/Desktop/Rails/teencode-backend/config/environments/test.rb": [
        1,
        null,
        null,
        null,
        null,
        null,
        null,
        1,
        null,
        null,
        null,
        null,
        1,
        null,
        null,
        1,
        1,
        null,
        null,
        null,
        null,
        1,
        1,
        null,
        null,
        1,
        null,
        null,
        1,
        1,
        null,
        null,
        null,
        null,
        1,
        null,
        null,
        1,
        null,
        null,
        null,
        null
      ],
      "/Users/ogbaragodwin/Desktop/Rails/teencode-backend/config/initializers/application_controller_renderer.rb": [
        null,
        null,
        null,
        null,
        null,
        null
      ],
      "/Users/ogbaragodwin/Desktop/Rails/teencode-backend/config/initializers/backtrace_silencers.rb": [
        null,
        null,
        null,
        null,
        null,
        null,
        null
      ],
      "/Users/ogbaragodwin/Desktop/Rails/teencode-backend/config/initializers/cors.rb": [
        null,
        null,
        null,
        null,
        null,
        null,
        null,
        null,
        null,
        null,
        null,
        null,
        null,
        null,
        null,
        null
      ],
      "/Users/ogbaragodwin/Desktop/Rails/teencode-backend/config/initializers/filter_parameter_logging.rb": [
        null,
        null,
        null,
        1
      ],
      "/Users/ogbaragodwin/Desktop/Rails/teencode-backend/config/initializers/inflections.rb": [
        null,
        null,
        null,
        null,
        null,
        null,
        null,
        null,
        null,
        null,
        null,
        null,
        null,
        null,
        null,
        null
      ],
      "/Users/ogbaragodwin/Desktop/Rails/teencode-backend/config/initializers/mime_types.rb": [
        null,
        null,
        null,
        null
      ],
      "/Users/ogbaragodwin/Desktop/Rails/teencode-backend/config/initializers/new_framework_defaults.rb": [
        null,
        null,
        null,
        null,
        null,
        null,
        null,
        null,
        1,
        null,
        null,
        1,
        null,
        null,
        1,
        null,
        null,
        1
      ],
      "/Users/ogbaragodwin/Desktop/Rails/teencode-backend/config/initializers/wrap_parameters.rb": [
        null,
        null,
        null,
        null,
        null,
        null,
        1,
        2,
        null,
        null,
        null,
        null,
        null,
        null
      ],
      "/Users/ogbaragodwin/Desktop/Rails/teencode-backend/spec/factories/applicants.rb": [
        1,
        1,
        1,
        1,
        1,
        1,
        1,
        null,
        null
      ],
      "/Users/ogbaragodwin/Desktop/Rails/teencode-backend/spec/factories/inquiries.rb": [
        1,
        1,
        1,
        1,
        1,
        null,
        null
      ],
      "/Users/ogbaragodwin/Desktop/Rails/teencode-backend/config/routes.rb": [
        1,
        null,
        1,
        1,
        1,
        1,
        null,
        null,
        null
      ],
      "/Users/ogbaragodwin/Desktop/Rails/teencode-backend/spec/support/test_helpers.rb": [
        1,
        1,
        1,
        8,
        null,
        null,
        null,
        null,
        null,
        null,
        null,
        null,
        null,
        null,
        null,
        null,
        null,
        null,
        null,
        null,
        null,
        null,
        null
      ],
      "/Users/ogbaragodwin/Desktop/Rails/teencode-backend/app/controllers/api/v1/applicants_controller.rb": [
        1,
        1,
        1,
        1,
        null,
        null,
        1,
        1,
        1,
        null,
        null,
        1,
        1,
        1,
        1,
        null,
        0,
        null,
        null,
        null,
        1,
        1,
        1,
        1,
        null,
        0,
        null,
        null,
        null,
        1,
        1,
        1,
        1,
        null,
        null,
        null,
        1,
        null,
        1,
        2,
        null,
        null,
        1,
        0,
        null,
        null
      ],
      "/Users/ogbaragodwin/Desktop/Rails/teencode-backend/app/controllers/application_controller.rb": [
        1,
        null
      ],
      "/Users/ogbaragodwin/Desktop/Rails/teencode-backend/spec/models/applicant_spec.rb": [
        1,
        null,
        1,
        11,
        null,
        1,
        2,
        2,
        2,
        2,
        2,
        null,
        null,
        1,
        2,
        2,
        2,
        2,
        2,
        null,
        null
      ],
      "/Users/ogbaragodwin/Desktop/Rails/teencode-backend/app/models/applicant.rb": [
        1,
        1,
        1,
        1,
        1,
        1,
        null
      ],
      "/Users/ogbaragodwin/Desktop/Rails/teencode-backend/app/models/application_record.rb": [
        1,
        1,
        null
      ],
      "/Users/ogbaragodwin/Desktop/Rails/teencode-backend/spec/models/inquiry_spec.rb": [
        1,
        null,
        1,
        7,
        null,
        1,
        2,
        2,
        2,
        null,
        null,
        1,
        2,
        2,
        2,
        null,
        null
      ],
      "/Users/ogbaragodwin/Desktop/Rails/teencode-backend/app/models/inquiry.rb": [
        1,
        1,
        1,
        1,
        null
      ],
      "/Users/ogbaragodwin/Desktop/Rails/teencode-backend/spec/requests/api/v1/applicants_spec.rb": [
        1,
        null,
        1,
        1,
        1,
        1,
        1,
        null,
        null,
        1,
        1,
        null,
        null,
        1,
        1,
        null,
        null,
        1,
        1,
        null,
        null,
        null,
        1,
        1,
        1,
        1,
        null,
        null,
        1,
        1,
        null,
        null,
        1,
        1,
        null,
        null,
        1,
        1,
        null,
        null,
        null,
        1,
        1,
        1,
        null,
        null,
        1,
        1,
        null,
        null,
        1,
        1,
        null,
        null,
        1,
        1,
        null,
        null,
        null,
        1,
        1,
        1,
        1,
        null,
        null,
        1,
        1,
        null,
        null,
        1,
        1,
        null,
        null,
        1,
        1,
        null,
        null,
        null,
        1,
        1,
        1,
        1,
        1,
        null,
        null,
        null,
        null
      ],
      "/Users/ogbaragodwin/Desktop/Rails/teencode-backend/spec/requests/api/v1/inquiries_controller_spec.rb": [
        1,
        null,
        1,
        1,
        1,
        1,
        1,
        null,
        null,
        1,
        1,
        null,
        null,
        1,
        1,
        null,
        null,
        1,
        1,
        null,
        null,
        null,
        1,
        1,
        1,
        1,
        null,
        null,
        1,
        1,
        null,
        null,
        1,
        1,
        null,
        null,
        1,
        1,
        null,
        null,
        null,
        1,
        1,
        1,
        null,
        null,
        1,
        1,
        null,
        null,
        1,
        1,
        null,
        null,
        1,
        1,
        1,
        null,
        null,
        null,
        1,
        1,
        1,
        1,
        null,
        null,
        1,
        1,
        null,
        null,
        1,
        1,
        null,
        null,
        1,
        1,
        null,
        null,
        null,
        1,
        1,
        1,
        1,
        1,
        null,
        null,
        null,
        null
      ],
      "/Users/ogbaragodwin/Desktop/Rails/teencode-backend/app/controllers/api/v1/inquiries_controller.rb": [
        1,
        1,
        1,
        1,
        null,
        null,
        1,
        1,
        1,
        null,
        null,
        1,
        1,
        1,
        1,
        null,
        0,
        null,
        null,
        null,
        1,
        1,
        1,
        1,
        null,
        0,
        null,
        null,
        null,
        1,
        1,
        1,
        1,
        null,
        null,
        null,
        1,
        null,
        1,
        2,
        null,
        null,
        1,
        0,
        null,
        null
      ]
    },
    "timestamp": 1491033541
  }
}
